Using pre-set license
Built from '2020.3/staging' branch; Version is '2020.3.14f1 (d0d1bb862f9d) revision 13685179'; Using compiler version '192528614'; Build Type 'Release'
OS: 'Windows 10 Pro; OS build 22000.51; Version 2009; 64bit' Language: 'en' Physical Memory: 16257 MB
BatchMode: 1, IsHumanControllingUs: 0, StartBugReporterOnCrash: 0, Is64bit: 1, IsPro: 0

 COMMAND LINE ARGUMENTS:
C:\Program Files\Unity\Hub\Editor\2020.3.14f1\Editor\Unity.exe
-adb2
-batchMode
-noUpm
-name
AssetImportWorker0
-projectPath
C:/Users/Natasha/CatchThePig
-logFile
Logs/AssetImportWorker0.log
-srvPort
52361
Successfully changed project path to: C:/Users/Natasha/CatchThePig
C:/Users/Natasha/CatchThePig
Using Asset Import Pipeline V2.
Refreshing native plugins compatible for Editor in 39.08 ms, found 3 plugins.
Preloading 0 native plugins for Editor in 0.00 ms.
Initialize engine version: 2020.3.14f1 (d0d1bb862f9d)
[Subsystems] Discovering subsystems at path C:/Program Files/Unity/Hub/Editor/2020.3.14f1/Editor/Data/Resources/UnitySubsystems
[Subsystems] Discovering subsystems at path C:/Users/Natasha/CatchThePig/Assets
GfxDevice: creating device client; threaded=0
Direct3D:
    Version:  Direct3D 11.0 [level 11.1]
    Renderer: NVIDIA GeForce GTX 1050 Ti (ID=0x1c8c)
    Vendor:   
    VRAM:     4019 MB
    Driver:   27.21.14.5749
Initialize mono
Mono path[0] = 'C:/Program Files/Unity/Hub/Editor/2020.3.14f1/Editor/Data/Managed'
Mono path[1] = 'C:/Program Files/Unity/Hub/Editor/2020.3.14f1/Editor/Data/MonoBleedingEdge/lib/mono/unityjit'
Mono config path = 'C:/Program Files/Unity/Hub/Editor/2020.3.14f1/Editor/Data/MonoBleedingEdge/etc'
Using monoOptions --debugger-agent=transport=dt_socket,embedding=1,server=y,suspend=n,address=127.0.0.1:56372
Begin MonoManager ReloadAssembly
Registering precompiled unity dll's ...
Register platform support module: C:/Program Files/Unity/Hub/Editor/2020.3.14f1/Editor/Data/PlaybackEngines/WindowsStandaloneSupport/UnityEditor.WindowsStandalone.Extensions.dll
Registered in 0.001843 seconds.
Native extension for WindowsStandalone target not found
Refreshing native plugins compatible for Editor in 37.84 ms, found 3 plugins.
Preloading 0 native plugins for Editor in 0.00 ms.
Mono: successfully reloaded assembly
- Completed reload, in  2.187 seconds
Domain Reload Profiling:
	ReloadAssembly (2187ms)
		BeginReloadAssembly (57ms)
			ExecutionOrderSort (0ms)
			DisableScriptedObjects (0ms)
			BackupInstance (0ms)
			ReleaseScriptingObjects (0ms)
			CreateAndSetChildDomain (1ms)
		EndReloadAssembly (406ms)
			LoadAssemblies (55ms)
			RebuildTransferFunctionScriptingTraits (0ms)
			SetupTypeCache (149ms)
			ReleaseScriptCaches (0ms)
			RebuildScriptCaches (32ms)
			SetupLoadedEditorAssemblies (157ms)
				LogAssemblyErrors (0ms)
				InitializePlatformSupportModulesInManaged (4ms)
				SetLoadedEditorAssemblies (0ms)
				RefreshPlugins (38ms)
				BeforeProcessingInitializeOnLoad (7ms)
				ProcessInitializeOnLoadAttributes (80ms)
				ProcessInitializeOnLoadMethodAttributes (28ms)
				AfterProcessingInitializeOnLoad (0ms)
				EditorAssembliesLoaded (0ms)
			ExecutionOrderSort2 (0ms)
			AwakeInstancesAfterBackupRestoration (0ms)
Platform modules already initialized, skipping
Registering precompiled user dll's ...
Registered in 0.004075 seconds.
Begin MonoManager ReloadAssembly
Native extension for WindowsStandalone target not found
Refreshing native plugins compatible for Editor in 45.07 ms, found 3 plugins.
Preloading 0 native plugins for Editor in 0.00 ms.
Mono: successfully reloaded assembly
- Completed reload, in  1.095 seconds
Domain Reload Profiling:
	ReloadAssembly (1095ms)
		BeginReloadAssembly (142ms)
			ExecutionOrderSort (0ms)
			DisableScriptedObjects (4ms)
			BackupInstance (0ms)
			ReleaseScriptingObjects (0ms)
			CreateAndSetChildDomain (18ms)
		EndReloadAssembly (892ms)
			LoadAssemblies (89ms)
			RebuildTransferFunctionScriptingTraits (0ms)
			SetupTypeCache (284ms)
			ReleaseScriptCaches (0ms)
			RebuildScriptCaches (47ms)
			SetupLoadedEditorAssemblies (351ms)
				LogAssemblyErrors (0ms)
				InitializePlatformSupportModulesInManaged (4ms)
				SetLoadedEditorAssemblies (0ms)
				RefreshPlugins (45ms)
				BeforeProcessingInitializeOnLoad (63ms)
				ProcessInitializeOnLoadAttributes (221ms)
				ProcessInitializeOnLoadMethodAttributes (13ms)
				AfterProcessingInitializeOnLoad (6ms)
				EditorAssembliesLoaded (0ms)
			ExecutionOrderSort2 (0ms)
			AwakeInstancesAfterBackupRestoration (6ms)
Platform modules already initialized, skipping
========================================================================
Worker process is ready to serve import requests
Launched and connected shader compiler UnityShaderCompiler.exe after 0.06 seconds
Refreshing native plugins compatible for Editor in 0.44 ms, found 3 plugins.
Preloading 0 native plugins for Editor in 0.00 ms.
Unloading 2095 Unused Serialized files (Serialized files now loaded: 0)
System memory in use before: 93.2 MB.
System memory in use after: 93.1 MB.

Unloading 33 unused Assets to reduce memory usage. Loaded Objects now: 2528.
Total: 2.903000 ms (FindLiveObjects: 0.229900 ms CreateObjectMapping: 0.132700 ms MarkObjects: 2.324200 ms  DeleteObjects: 0.214900 ms)

AssetImportParameters requested are different than current active one (requested -> active):
  custom:framework-win-MediaFoundation: 216162199b28c13a410421893ffa2e32 -> 
  custom:video-decoder-ogg-theora: a1e56fd34408186e4bbccfd4996cb3dc -> 
  custom:container-muxer-webm: aa71ff27fc2769a1b78a27578f13a17b -> 
  custom:container-demuxer-webm: 4f35f7cbe854078d1ac9338744f61a02 -> 
  custom:container-demuxer-ogg: 62fdf1f143b41e24485cea50d1cbac27 -> 
  custom:video-encoder-webm-vp8: eb34c28f22e8b96e1ab97ce403110664 -> 
  custom:video-decoder-webm-vp8: 9c59270c3fd7afecdb556c50c9e8de78 -> 
  custom:audio-decoder-ogg-vorbis: bf7c407c2cedff20999df2af8eb42d56 -> 
  custom:audio-encoder-webm-vorbis: bf7c407c2cedff20999df2af8eb42d56 -> 
========================================================================
Received Import Request.
  path: Assets/Arts/bomb.png
  artifactKey: Guid(54addd2882dca844bbb4a30e72f5dddd) Importer(815301076,1909f56bfc062723c751e8b465ee728b)
Start importing Assets/Arts/bomb.png using Guid(54addd2882dca844bbb4a30e72f5dddd) Importer(815301076,1909f56bfc062723c751e8b465ee728b)  -> (artifact id: '7375db7ad96851457d9dad4136e2c27d') in 0.112533 seconds 
  Import took 0.115695 seconds .

========================================================================
Received Import Request.
  Time since last request: 0.000326 seconds.
  path: Assets/Arts/dog.png
  artifactKey: Guid(9d1c089cc41cbb740bac1dbfb79d7c03) Importer(815301076,1909f56bfc062723c751e8b465ee728b)
Start importing Assets/Arts/dog.png using Guid(9d1c089cc41cbb740bac1dbfb79d7c03) Importer(815301076,1909f56bfc062723c751e8b465ee728b)  -> (artifact id: 'cdc53e94617190e2979324f351ea7777') in 0.041060 seconds 
  Import took 0.044138 seconds .

========================================================================
Received Import Request.
  Time since last request: 0.000283 seconds.
  path: Assets/Arts/level.png
  artifactKey: Guid(d528d5e48c1e6c14687aab7228d5fb93) Importer(815301076,1909f56bfc062723c751e8b465ee728b)
Start importing Assets/Arts/level.png using Guid(d528d5e48c1e6c14687aab7228d5fb93) Importer(815301076,1909f56bfc062723c751e8b465ee728b)  -> (artifact id: 'dc2b7c7c9dfc2865d306f3b0d04fb4d3') in 0.045370 seconds 
  Import took 0.048864 seconds .

========================================================================
Received Import Request.
  Time since last request: 0.000293 seconds.
  path: Assets/Arts/dog.png
  artifactKey: Guid(9d1c089cc41cbb740bac1dbfb79d7c03) Importer(815301076,1909f56bfc062723c751e8b465ee728b)
Start importing Assets/Arts/dog.png using Guid(9d1c089cc41cbb740bac1dbfb79d7c03) Importer(815301076,1909f56bfc062723c751e8b465ee728b)  -> (artifact id: 'cdc53e94617190e2979324f351ea7777') in 0.020874 seconds 
  Import took 0.023880 seconds .

========================================================================
Received Import Request.
  Time since last request: 0.000278 seconds.
  path: Assets/Arts/dog_dirty.png
  artifactKey: Guid(c17962a4d793d7f4389db84d4c3c7b32) Importer(815301076,1909f56bfc062723c751e8b465ee728b)
Start importing Assets/Arts/dog_dirty.png using Guid(c17962a4d793d7f4389db84d4c3c7b32) Importer(815301076,1909f56bfc062723c751e8b465ee728b)  -> (artifact id: '7a0226facb6067a68c474238b598615a') in 0.020066 seconds 
  Import took 0.022954 seconds .

========================================================================
Received Import Request.
  Time since last request: 0.000281 seconds.
  path: Assets/Arts/dog_angry.png
  artifactKey: Guid(3a0131bc7bfdc194f94a48afdddbe43f) Importer(815301076,1909f56bfc062723c751e8b465ee728b)
Start importing Assets/Arts/dog_angry.png using Guid(3a0131bc7bfdc194f94a48afdddbe43f) Importer(815301076,1909f56bfc062723c751e8b465ee728b)  -> (artifact id: '425c64b80c022bf8947e49ddf8c2ce58') in 0.023484 seconds 
  Import took 0.027735 seconds .

========================================================================
Received Import Request.
  Time since last request: 0.000329 seconds.
  path: Assets/Arts/farmer.png
  artifactKey: Guid(8cfa9811b8df0f748bec1f25d35dafbb) Importer(815301076,1909f56bfc062723c751e8b465ee728b)
Start importing Assets/Arts/farmer.png using Guid(8cfa9811b8df0f748bec1f25d35dafbb) Importer(815301076,1909f56bfc062723c751e8b465ee728b)  -> (artifact id: '80c5bfa83d58d21a380be2e0e1036b54') in 0.025470 seconds 
  Import took 0.029260 seconds .

========================================================================
Received Import Request.
  Time since last request: 0.000402 seconds.
  path: Assets/Arts/farmer_dirty.png
  artifactKey: Guid(8af8e22f8ffdd3f42a2f84a1f5c29327) Importer(815301076,1909f56bfc062723c751e8b465ee728b)
Start importing Assets/Arts/farmer_dirty.png using Guid(8af8e22f8ffdd3f42a2f84a1f5c29327) Importer(815301076,1909f56bfc062723c751e8b465ee728b)  -> (artifact id: '7e911cff71d6a42ce01e60ebd41ad46b') in 0.063588 seconds 
  Import took 0.066830 seconds .

========================================================================
Received Import Request.
  Time since last request: 0.000285 seconds.
  path: Assets/Arts/grid.png
  artifactKey: Guid(d0fc3aaa3c72cdc45aa014ea7c59a9f0) Importer(815301076,1909f56bfc062723c751e8b465ee728b)
Start importing Assets/Arts/grid.png using Guid(d0fc3aaa3c72cdc45aa014ea7c59a9f0) Importer(815301076,1909f56bfc062723c751e8b465ee728b)  -> (artifact id: '9df34284e3c5fcb39cfca9966a6c3d39') in 0.020727 seconds 
  Import took 0.023480 seconds .

========================================================================
Received Import Request.
  Time since last request: 0.000236 seconds.
  path: Assets/Arts/pig.png
  artifactKey: Guid(1c9dfaf5ca705dd4fad87abef21d990a) Importer(815301076,1909f56bfc062723c751e8b465ee728b)
Start importing Assets/Arts/pig.png using Guid(1c9dfaf5ca705dd4fad87abef21d990a) Importer(815301076,1909f56bfc062723c751e8b465ee728b)  -> (artifact id: '6d5191c21cc50f1d229a92ef403f7ab3') in 0.018660 seconds 
  Import took 0.021417 seconds .

========================================================================
Received Import Request.
  Time since last request: 0.000291 seconds.
  path: Assets/Arts/farmer_angry.png
  artifactKey: Guid(d2cc769061f762146bd649208a8392ca) Importer(815301076,1909f56bfc062723c751e8b465ee728b)
Start importing Assets/Arts/farmer_angry.png using Guid(d2cc769061f762146bd649208a8392ca) Importer(815301076,1909f56bfc062723c751e8b465ee728b)  -> (artifact id: '6182c3bd3e6ded3e7eaa306e3719cd0b') in 0.027469 seconds 
  Import took 0.030329 seconds .

========================================================================
Received Import Request.
  Time since last request: 0.000235 seconds.
  path: Assets/Arts
  artifactKey: Guid(6d6fd653411990c41bf2434a7b91dcb6) Importer(815301076,1909f56bfc062723c751e8b465ee728b)
Start importing Assets/Arts using Guid(6d6fd653411990c41bf2434a7b91dcb6) Importer(815301076,1909f56bfc062723c751e8b465ee728b)  -> (artifact id: '095fd3828fadd258dbe485f68c7f96ae') in 0.011287 seconds 
  Import took 0.014279 seconds .

========================================================================
Received Import Request.
  Time since last request: 0.000307 seconds.
  path: Assets/Arts/stone.png
  artifactKey: Guid(f28933f9a7b989a4689838ccc976ff4e) Importer(815301076,1909f56bfc062723c751e8b465ee728b)
Start importing Assets/Arts/stone.png using Guid(f28933f9a7b989a4689838ccc976ff4e) Importer(815301076,1909f56bfc062723c751e8b465ee728b)  -> (artifact id: '0be8430e537725b962dddc21820e7dcc') in 0.019580 seconds 
  Import took 0.022810 seconds .

========================================================================
Received Import Request.
  Time since last request: 21.875242 seconds.
  path: Assets/Arts/dog.png
  artifactKey: Guid(9d1c089cc41cbb740bac1dbfb79d7c03) Importer(815301076,1909f56bfc062723c751e8b465ee728b)
Start importing Assets/Arts/dog.png using Guid(9d1c089cc41cbb740bac1dbfb79d7c03) Importer(815301076,1909f56bfc062723c751e8b465ee728b)  -> (artifact id: '3463e4877aec4b0954f3837df691907a') in 0.016593 seconds 
  Import took 0.019939 seconds .

========================================================================
Received Import Request.
  Time since last request: 29.445564 seconds.
  path: Assets/Arts/dog_angry.png
  artifactKey: Guid(3a0131bc7bfdc194f94a48afdddbe43f) Importer(815301076,1909f56bfc062723c751e8b465ee728b)
Start importing Assets/Arts/dog_angry.png using Guid(3a0131bc7bfdc194f94a48afdddbe43f) Importer(815301076,1909f56bfc062723c751e8b465ee728b)  -> (artifact id: '0b0ab4e377ed89f79265983d45e78f27') in 0.019290 seconds 
  Import took 0.022525 seconds .

========================================================================
Received Import Request.
  Time since last request: 0.000249 seconds.
  path: Assets/Arts/dog_dirty.png
  artifactKey: Guid(c17962a4d793d7f4389db84d4c3c7b32) Importer(815301076,1909f56bfc062723c751e8b465ee728b)
Start importing Assets/Arts/dog_dirty.png using Guid(c17962a4d793d7f4389db84d4c3c7b32) Importer(815301076,1909f56bfc062723c751e8b465ee728b)  -> (artifact id: 'e1464385fcaa8bf591bf3368d5ea3ab5') in 0.019111 seconds 
  Import took 0.022658 seconds .

========================================================================
Received Import Request.
  Time since last request: 0.000385 seconds.
  path: Assets/Arts/farmer.png
  artifactKey: Guid(8cfa9811b8df0f748bec1f25d35dafbb) Importer(815301076,1909f56bfc062723c751e8b465ee728b)
Start importing Assets/Arts/farmer.png using Guid(8cfa9811b8df0f748bec1f25d35dafbb) Importer(815301076,1909f56bfc062723c751e8b465ee728b)  -> (artifact id: 'c38741ec7cfd2a5362134413c0cf24dc') in 0.019313 seconds 
  Import took 0.023285 seconds .

========================================================================
Received Import Request.
  Time since last request: 0.000296 seconds.
  path: Assets/Arts/farmer_dirty.png
  artifactKey: Guid(8af8e22f8ffdd3f42a2f84a1f5c29327) Importer(815301076,1909f56bfc062723c751e8b465ee728b)
Start importing Assets/Arts/farmer_dirty.png using Guid(8af8e22f8ffdd3f42a2f84a1f5c29327) Importer(815301076,1909f56bfc062723c751e8b465ee728b)  -> (artifact id: 'a3468a00e409171e655d142160a44bf7') in 0.036938 seconds 
  Import took 0.041351 seconds .

========================================================================
Received Import Request.
  Time since last request: 0.000267 seconds.
  path: Assets/Arts/farmer_angry.png
  artifactKey: Guid(d2cc769061f762146bd649208a8392ca) Importer(815301076,1909f56bfc062723c751e8b465ee728b)
Start importing Assets/Arts/farmer_angry.png using Guid(d2cc769061f762146bd649208a8392ca) Importer(815301076,1909f56bfc062723c751e8b465ee728b)  -> (artifact id: '6711b7ed7106c70fd5ae8e4da809e32b') in 0.026618 seconds 
  Import took 0.030143 seconds .

========================================================================
Received Import Request.
  Time since last request: 7.222632 seconds.
  path: Assets/Arts/pig.png
  artifactKey: Guid(1c9dfaf5ca705dd4fad87abef21d990a) Importer(815301076,1909f56bfc062723c751e8b465ee728b)
Start importing Assets/Arts/pig.png using Guid(1c9dfaf5ca705dd4fad87abef21d990a) Importer(815301076,1909f56bfc062723c751e8b465ee728b)  -> (artifact id: 'd4e869194313c11da0f97f52f238e82d') in 0.018802 seconds 
  Import took 0.022300 seconds .

========================================================================
Received Import Request.
  Time since last request: 28.730145 seconds.
  path: Assets/Arts/dog.png
  artifactKey: Guid(9d1c089cc41cbb740bac1dbfb79d7c03) Importer(815301076,1909f56bfc062723c751e8b465ee728b)
Start importing Assets/Arts/dog.png using Guid(9d1c089cc41cbb740bac1dbfb79d7c03) Importer(815301076,1909f56bfc062723c751e8b465ee728b)  -> (artifact id: '2fe77990910c8d6cb663fc6ca4d452a8') in 0.020143 seconds 
  Import took 0.023306 seconds .

========================================================================
Received Import Request.
  Time since last request: 0.001769 seconds.
  path: Assets/Arts/dog.png
  artifactKey: Guid(9d1c089cc41cbb740bac1dbfb79d7c03) Importer(815301076,1909f56bfc062723c751e8b465ee728b)
Start importing Assets/Arts/dog.png using Guid(9d1c089cc41cbb740bac1dbfb79d7c03) Importer(815301076,1909f56bfc062723c751e8b465ee728b)  -> (artifact id: '2fe77990910c8d6cb663fc6ca4d452a8') in 0.023154 seconds 
  Import took 0.026466 seconds .

========================================================================
Received Import Request.
  Time since last request: 54.408542 seconds.
  path: Assets/Arts/dog.png
  artifactKey: Guid(9d1c089cc41cbb740bac1dbfb79d7c03) Importer(815301076,1909f56bfc062723c751e8b465ee728b)
Start importing Assets/Arts/dog.png using Guid(9d1c089cc41cbb740bac1dbfb79d7c03) Importer(815301076,1909f56bfc062723c751e8b465ee728b)  -> (artifact id: 'cb1332c1eee160aa49f6cfc329dd8592') in 0.036760 seconds 
  Import took 0.040560 seconds .

========================================================================
Received Import Request.
  Time since last request: 28.869166 seconds.
  path: Assets/Arts/dog.png
  artifactKey: Guid(9d1c089cc41cbb740bac1dbfb79d7c03) Importer(815301076,1909f56bfc062723c751e8b465ee728b)
Start importing Assets/Arts/dog.png using Guid(9d1c089cc41cbb740bac1dbfb79d7c03) Importer(815301076,1909f56bfc062723c751e8b465ee728b)  -> (artifact id: '88e1471e20d56eabcd38cb91fc394c31') in 0.034369 seconds 
  Import took 0.038950 seconds .

========================================================================
Received Import Request.
  Time since last request: 30.226839 seconds.
  path: Assets/Arts/dog_angry.png
  artifactKey: Guid(3a0131bc7bfdc194f94a48afdddbe43f) Importer(815301076,1909f56bfc062723c751e8b465ee728b)
Start importing Assets/Arts/dog_angry.png using Guid(3a0131bc7bfdc194f94a48afdddbe43f) Importer(815301076,1909f56bfc062723c751e8b465ee728b)  -> (artifact id: 'e3aef4d6f10e078117bf0f1927d93b65') in 0.035833 seconds 
  Import took 0.039213 seconds .

========================================================================
Received Import Request.
  Time since last request: 24.119675 seconds.
  path: Assets/Arts/dog_dirty.png
  artifactKey: Guid(c17962a4d793d7f4389db84d4c3c7b32) Importer(815301076,1909f56bfc062723c751e8b465ee728b)
Start importing Assets/Arts/dog_dirty.png using Guid(c17962a4d793d7f4389db84d4c3c7b32) Importer(815301076,1909f56bfc062723c751e8b465ee728b)  -> (artifact id: '2fa1a5453aa092852535b19f5a1553e6') in 0.037991 seconds 
  Import took 0.041841 seconds .

========================================================================
Received Import Request.
  Time since last request: 12.119972 seconds.
  path: Assets/Arts/farmer.png
  artifactKey: Guid(8cfa9811b8df0f748bec1f25d35dafbb) Importer(815301076,1909f56bfc062723c751e8b465ee728b)
Start importing Assets/Arts/farmer.png using Guid(8cfa9811b8df0f748bec1f25d35dafbb) Importer(815301076,1909f56bfc062723c751e8b465ee728b)  -> (artifact id: '38bf44d2aa4d0ce4a14e5de89624469e') in 0.038614 seconds 
  Import took 0.042036 seconds .

========================================================================
Received Import Request.
  Time since last request: 16.458881 seconds.
  path: Assets/Arts/farmer_angry.png
  artifactKey: Guid(d2cc769061f762146bd649208a8392ca) Importer(815301076,1909f56bfc062723c751e8b465ee728b)
Start importing Assets/Arts/farmer_angry.png using Guid(d2cc769061f762146bd649208a8392ca) Importer(815301076,1909f56bfc062723c751e8b465ee728b)  -> (artifact id: '7569ef3229851d97305466777ac810df') in 0.040920 seconds 
  Import took 0.044091 seconds .

========================================================================
Received Import Request.
  Time since last request: 13.468020 seconds.
  path: Assets/Arts/farmer_dirty.png
  artifactKey: Guid(8af8e22f8ffdd3f42a2f84a1f5c29327) Importer(815301076,1909f56bfc062723c751e8b465ee728b)
Start importing Assets/Arts/farmer_dirty.png using Guid(8af8e22f8ffdd3f42a2f84a1f5c29327) Importer(815301076,1909f56bfc062723c751e8b465ee728b)  -> (artifact id: '8e1fe6e5197acfd9346b85e428f2155b') in 0.054061 seconds 
  Import took 0.057688 seconds .

========================================================================
Received Import Request.
  Time since last request: 17.028776 seconds.
  path: Assets/Arts/pig.png
  artifactKey: Guid(1c9dfaf5ca705dd4fad87abef21d990a) Importer(815301076,1909f56bfc062723c751e8b465ee728b)
Start importing Assets/Arts/pig.png using Guid(1c9dfaf5ca705dd4fad87abef21d990a) Importer(815301076,1909f56bfc062723c751e8b465ee728b)  -> (artifact id: '206138d7b3b0a84baa314270cf24dd93') in 0.041895 seconds 
  Import took 0.045743 seconds .

========================================================================
Received Import Request.
  Time since last request: 30.690484 seconds.
  path: Assets/Arts/farmer.png
  artifactKey: Guid(8cfa9811b8df0f748bec1f25d35dafbb) Importer(815301076,1909f56bfc062723c751e8b465ee728b)
Start importing Assets/Arts/farmer.png using Guid(8cfa9811b8df0f748bec1f25d35dafbb) Importer(815301076,1909f56bfc062723c751e8b465ee728b)  -> (artifact id: '00c104194fcb5affc9d675717e5290a6') in 0.027706 seconds 
  Import took 0.031218 seconds .

